[01:50:55.800] [INFO] Storybook Upgrade - v9.0.13
[01:50:55.849] [INFO] detect-projects-spinner-start: Detecting projects...
[01:50:55.852] [DEBUG] Finding Storybook projects...
[01:50:57.689] [DEBUG] Found 1 Storybook projects
[01:50:57.690] [INFO] detect-projects-spinner: Detecting projects: 1 projects
[01:50:57.691] [DEBUG] Getting Storybook data...
[01:50:57.691] [DEBUG] Getting Storybook info...
[01:50:57.691] [DEBUG] Loading main config...
[01:50:57.697] [DEBUG] Getting stories paths...
[01:50:57.707] [DEBUG] Getting package manager...
[01:50:58.104] [DEBUG] Getting Storybook version...
[01:50:58.105] [DEBUG] /.storybook - Validating before version... 8.6.12
[01:50:58.105] [DEBUG] /.storybook - Validating upgrade compatibility...
[01:50:58.105] [DEBUG] /.storybook - Fetching NPM version information...
[01:50:58.105] [DEBUG] Getting CLI versions from NPM for storybook...
[01:50:58.106] [DEBUG] Getting CLI versions from NPM for storybook@next...
[01:50:58.801] [DEBUG] /.storybook - Evaluating blockers...
[01:50:58.802] [DEBUG] Getting installed version for @storybook/experimental-addon-test...
[01:50:59.498] [INFO] detect-projects-spinner-stop: 1 project detected
[01:50:59.498] [DEBUG] Found 1 valid projects and 0 error projects
[01:50:59.498] [INFO] Upgrading from 8.6.12 to 9.0.13
[01:50:59.507] [INFO] upgrade-dependencies-task-start: Fetching versions to update package.json files..
[01:50:59.507] [DEBUG] Updating dependencies in /.storybook...
[01:50:59.516] [INFO] upgrade-dependencies-task: /package.json
[01:50:59.517] [DEBUG] {
  "upgradedDependencies": []
}
[01:50:59.517] [DEBUG] {
  "upgradedDevDependencies": [
    "@storybook/addon-links@^9.0.13",
    "@storybook/addon-onboarding@^9.0.13",
    "@storybook/react@^9.0.13",
    "@storybook/react-webpack5@^9.0.13",
    "storybook@^9.0.13"
  ]
}
[01:50:59.517] [DEBUG] {
  "upgradedPeerDependencies": []
}
[01:50:59.518] [DEBUG] Getting CLI versions from NPM for @storybook/addon-links...
[01:51:01.923] [DEBUG] Getting CLI versions from NPM for @storybook/addon-onboarding...
[01:51:04.599] [DEBUG] Getting CLI versions from NPM for @storybook/react...
[01:51:05.852] [DEBUG] Getting CLI versions from NPM for @storybook/react-webpack5...
[01:51:06.793] [DEBUG] Using cached version for storybook...
[01:51:06.795] [INFO] upgrade-dependencies-task-success: Updated package versions in package.json files
[01:51:06.796] [INFO] detect-automigrations-task-start: Detecting automigrations...
[01:51:06.797] [DEBUG] Starting automigration collection across 1 projects and 15 fixes...
[01:51:06.811] [INFO] detect-automigrations-task: Checking automigrations for /.storybook...
[01:51:06.811] [DEBUG] Processing project: /.storybook
[01:51:06.811] [DEBUG] Checking fix eslintPlugin for project /.storybook...
[01:51:06.814] [DEBUG] Checking fix addon-mdx-gfm-remove for project /.storybook...
[01:51:06.815] [DEBUG] Checking fix addon-storysource-code-panel for project /.storybook...
[01:51:06.815] [DEBUG] Checking fix upgrade-storybook-related-dependencies for project /.storybook...
[01:51:06.815] [DEBUG] Checking for incompatible storybook packages...
[01:51:06.817] [DEBUG] Getting installed version for @storybook/addon-essentials...
[01:51:06.819] [DEBUG] Getting installed version for @storybook/addon-interactions...
[01:51:06.820] [DEBUG] Getting installed version for @storybook/blocks...
[01:51:06.822] [DEBUG] Getting installed version for @storybook/test...
[01:51:08.713] [DEBUG] An issue occurred while trying to find dependencies metadata using npm.
[01:51:08.713] [DEBUG] Getting CLI versions from NPM for @storybook/test...
[01:51:08.716] [DEBUG] An issue occurred while trying to find dependencies metadata using npm.
[01:51:08.716] [DEBUG] Getting CLI versions from NPM for @storybook/addon-essentials...
[01:51:08.736] [DEBUG] An issue occurred while trying to find dependencies metadata using npm.
[01:51:08.736] [DEBUG] Getting CLI versions from NPM for @storybook/addon-interactions...
[01:51:08.754] [DEBUG] An issue occurred while trying to find dependencies metadata using npm.
[01:51:08.754] [DEBUG] Getting CLI versions from NPM for @storybook/blocks...
[01:51:11.092] [DEBUG] Checking fix initial-globals for project /.storybook...
[01:51:11.102] [DEBUG] Checking fix addon-a11y-addon-test for project /.storybook...
[01:51:11.102] [DEBUG] Checking fix consolidated-imports for project /.storybook...
[01:51:11.102] [DEBUG] Checking fix addon-experimental-test for project /.storybook...
[01:51:11.102] [DEBUG] Using cached installed version for @storybook/experimental-addon-test...
[01:51:11.102] [DEBUG] Checking fix rnstorybook-config for project /.storybook...
[01:51:11.103] [DEBUG] Checking fix remove-addon-interactions for project /.storybook...
[01:51:11.103] [DEBUG] Checking fix renderer-to-framework for project /.storybook...
[01:51:11.103] [DEBUG] Checking fix remove-essential-addons for project /.storybook...
[01:51:11.103] [DEBUG] Checking fix addon-a11y-parameters for project /.storybook...
[01:51:11.103] [DEBUG] Checking fix remove-docs-autodocs for project /.storybook...
[01:51:11.108] [DEBUG] Checking fix wrap-require for project /.storybook...
[01:51:11.123] [INFO] detect-automigrations-task: 
Automigrations detected:
[01:51:11.132] [INFO] detect-automigrations-task: ✔ eslintPlugin
[01:51:11.139] [INFO] detect-automigrations-task: ✔ consolidated-imports
[01:51:11.144] [INFO] detect-automigrations-task: ✔ remove-addon-interactions
[01:51:11.150] [INFO] detect-automigrations-task: ✔ renderer-to-framework
[01:51:11.155] [INFO] detect-automigrations-task: ✔ remove-essential-addons
[01:51:11.161] [INFO] detect-automigrations-task: ✔ remove-docs-autodocs
[01:51:11.161] [INFO] detect-automigrations-task-success: 6 automigration(s) detected
[01:51:43.533] [PROMPT] Select automigrations to run {"choice":["eslintPlugin","consolidated-imports","remove-addon-interactions","renderer-to-framework","remove-essential-addons","remove-docs-autodocs"]}
[01:51:43.534] [INFO] automigrate-/.storybook-task-start: Running automigrations for /.storybook
[01:51:43.535] [DEBUG] Adding dependencies: eslint-plugin-storybook@9.0.13
[01:51:43.536] [DEBUG] Getting CLI versions from NPM for eslint-plugin-storybook...
[01:51:45.003] [INFO] automigrate-/.storybook-task: ✔ eslintPlugin
[01:51:45.018] [INFO] automigrate-/.storybook-task: ✔ consolidated-imports
[01:51:45.020] [DEBUG] Uninstalling @storybook/addon-interactions
[01:51:45.021] [DEBUG] Removing '@storybook/addon-interactions' from main.js addons field.
[01:51:45.030] [INFO] automigrate-/.storybook-task: ✔ remove-addon-interactions
[01:51:45.031] [DEBUG] 
Migrating @storybook/react to @storybook/react-webpack5
[01:51:45.036] [DEBUG] Updating package.json files...
[01:51:45.045] [INFO] automigrate-/.storybook-task: ✔ renderer-to-framework
[01:51:45.050] [DEBUG] Uninstalling @storybook/addon-essentials
[01:51:45.051] [DEBUG] Removing '@storybook/addon-essentials' from main.js addons field.
[01:51:45.061] [DEBUG] Getting Storybook info...
[01:51:45.061] [DEBUG] Loading main config...
[01:51:45.065] [DEBUG] Getting stories paths...
[01:51:45.066] [DEBUG] Getting package manager...
[01:51:45.080] [DEBUG] Getting Storybook version...
[01:51:45.103] [INFO] automigrate-/.storybook-task: Verifying @storybook/addon-docs
[01:51:45.116] [INFO] automigrate-/.storybook-task: Installing @storybook/addon-docs@^9.0.13
[01:51:45.117] [DEBUG] Getting CLI versions from NPM for @storybook/addon-docs...
[01:51:47.512] [INFO] automigrate-/.storybook-task: Adding '@storybook/addon-docs' to the "addons" field in
/Users/productshiv/Documents/Shiv/BaapUI/baapUI/.storybook/main.js
[01:51:47.523] [INFO] automigrate-/.storybook-task: ✔ remove-essential-addons
[01:51:47.530] [INFO] automigrate-/.storybook-task: 🔄 Updating docs parameter in main config file...
[01:51:47.541] [INFO] automigrate-/.storybook-task: 🔄 Updating tags parameter in preview config file...
[01:51:47.553] [INFO] automigrate-/.storybook-task: ✔ remove-docs-autodocs
[01:51:47.553] [INFO] automigrate-/.storybook-task-success: Completed automigrations for /.storybook
[01:51:47.554] [INFO] Installing dependencies...
[01:51:47.554] [INFO] install-dependencies-task-start: Installing dependencies...
[01:52:14.926] [INFO] > @productshiv/baapui@2.0.5 prepare
> npm run build:lib
[01:52:14.934] [INFO] install-dependencies-task: > @productshiv/baapui@2.0.5 prepare
> npm run build:lib
[01:52:15.240] [INFO] > @productshiv/baapui@2.0.5 build:lib
> rollup -c rollup.config.mjs
[01:52:15.248] [INFO] install-dependencies-task: > @productshiv/baapui@2.0.5 build:lib
> rollup -c rollup.config.mjs
[01:52:18.463] [INFO] added 72 packages, removed 53 packages, and changed 26 packages in 31s
[01:52:18.470] [INFO] install-dependencies-task: added 72 packages, removed 53 packages, and changed 26 packages in 31s
[01:52:18.479] [INFO] Dependencies installed
[01:52:18.479] [INFO] install-dependencies-task-success: Dependencies installed
[01:52:18.480] [INFO] Checking the health of your project(s)..
[01:52:18.488] [ERROR] Failed to run doctor checks for project ./.storybook:
Error: No Storybook dependencies found in the package.json
[01:52:18.497] [ERROR] /.storybook: 1 problem found
[01:52:18.503] [INFO] Failed to run doctor checks: No Storybook dependencies found in the package.json
[01:52:18.503] [INFO] Configuration Error
[01:52:18.509] [INFO] Failed to run doctor checks: No Storybook dependencies found in the package.json
[01:52:18.516] [INFO] Storybook doctor is complete!
[01:52:18.523] [INFO] You can always recheck the health of your project(s) by running:
npx storybook doctor
[01:52:18.530] [INFO] The upgrade is complete!
[01:52:18.537] [INFO] Your project(s) have been upgraded successfully, but some issues were found which need your attention, please check Storybook doctor logs above.
[01:52:18.578] [INFO] If you want to learn more about the automigrations that executed in your project(s), please check the following links:

• eslintPlugin
• consolidated-imports
• remove-addon-interactions
• renderer-to-framework
• remove-essential-addons
• remove-docs-autodocs
[01:52:18.585] [INFO] For a full list of changes, please check our migration guide: https://storybook.js.org/docs/migration-guide