npm error code ERESOLVE
npm error ERESOLVE unable to resolve dependency tree
npm error
npm error While resolving: @productshiv/baapuibeta@1.0.0
npm error Found: react-native-gesture-handler@2.12.1
npm error node_modules/react-native-gesture-handler
npm error   react-native-gesture-handler@"~2.12.0" from the root project
npm error
npm error Could not resolve dependency:
npm error peer react-native-gesture-handler@">=2.16.1" from @gorhom/bottom-sheet@5.1.2
npm error node_modules/@gorhom/bottom-sheet
npm error   dev @gorhom/bottom-sheet@"^5.1.2" from the root project
npm error
npm error Fix the upstream dependency conflict, or retry
npm error this command with --force or --legacy-peer-deps
npm error to accept an incorrect (and potentially broken) dependency resolution.
npm error
npm error
npm error For a full report see:
npm error /Users/productshiv/.npm/_logs/2025-03-30T09_45_43_622Z-eresolve-report.txt
npm error A complete log of this run can be found in: /Users/productshiv/.npm/_logs/2025-03-30T09_45_43_622Z-debug-0.log
